[0716/180054.193:ERROR:process_info.cc(329)] VirtualQueryEx: Access is denied. (0x5)
[0716/180054.200:ERROR:process_info.cc(550)] ReadMemoryInfo failed
[0716/180054.200:ERROR:scoped_process_suspend.cc(40)] NtResumeProcess: An attempt was made to access an exiting process. (0xc000010a)
[0718/215552.668:ERROR:process_reader_win.cc(151)] SuspendThread: Access is denied. (0x5)
[0718/215552.673:ERROR:process_reader_win.cc(151)] SuspendThread: Access is denied. (0x5)
[0718/215552.673:ERROR:process_reader_win.cc(151)] SuspendThread: Access is denied. (0x5)
[0718/215552.673:ERROR:process_reader_win.cc(151)] SuspendThread: Access is denied. (0x5)
[0718/215552.673:ERROR:process_reader_win.cc(151)] SuspendThread: Access is denied. (0x5)
[0718/215552.673:ERROR:process_reader_win.cc(151)] SuspendThread: Access is denied. (0x5)
[0718/215552.673:ERROR:process_reader_win.cc(151)] SuspendThread: Access is denied. (0x5)
[0718/215552.674:ERROR:process_reader_win.cc(151)] SuspendThread: Access is denied. (0x5)
[0718/215552.674:ERROR:process_reader_win.cc(123)] NtOpenThread: {Access Denied} A process has requested access to an object, but has not been granted those access rights. (0xc0000022)
[0718/215552.675:ERROR:exception_snapshot_win.cc(98)] thread ID 23208 not found in process
[0719/135915.743:ERROR:process_reader_win.cc(151)] SuspendThread: Access is denied. (0x5)
[0719/135915.748:ERROR:process_reader_win.cc(151)] SuspendThread: Access is denied. (0x5)
[0719/135915.748:ERROR:process_reader_win.cc(151)] SuspendThread: Access is denied. (0x5)
[0719/135915.748:ERROR:process_reader_win.cc(151)] SuspendThread: Access is denied. (0x5)
[0719/135915.748:ERROR:process_reader_win.cc(151)] SuspendThread: Access is denied. (0x5)
[0719/135915.748:ERROR:process_reader_win.cc(151)] SuspendThread: Access is denied. (0x5)
[0719/135915.749:ERROR:process_reader_win.cc(151)] SuspendThread: Access is denied. (0x5)
[0719/135915.749:ERROR:process_reader_win.cc(151)] SuspendThread: Access is denied. (0x5)
[0719/135915.749:ERROR:process_reader_win.cc(151)] SuspendThread: Access is denied. (0x5)
[0719/135915.749:ERROR:process_reader_win.cc(123)] NtOpenThread: {Access Denied} A process has requested access to an object, but has not been granted those access rights. (0xc0000022)
[0719/135915.749:ERROR:exception_snapshot_win.cc(98)] thread ID 40440 not found in process
[0719/142531.871:ERROR:process_reader_win.cc(123)] NtOpenThread: {Access Denied} A process has requested access to an object, but has not been granted those access rights. (0xc0000022)
[0719/142531.878:ERROR:exception_snapshot_win.cc(98)] thread ID 28540 not found in process
[0719/145355.694:ERROR:process_reader_win.cc(151)] SuspendThread: Access is denied. (0x5)
[0719/145355.696:ERROR:process_reader_win.cc(151)] SuspendThread: Access is denied. (0x5)
[0719/145355.697:ERROR:process_reader_win.cc(151)] SuspendThread: Access is denied. (0x5)
[0719/145355.697:ERROR:process_reader_win.cc(151)] SuspendThread: Access is denied. (0x5)
[0719/145355.697:ERROR:process_reader_win.cc(151)] SuspendThread: Access is denied. (0x5)
[0719/145355.697:ERROR:process_reader_win.cc(151)] SuspendThread: Access is denied. (0x5)
[0719/145355.697:ERROR:process_reader_win.cc(123)] NtOpenThread: {Access Denied} A process has requested access to an object, but has not been granted those access rights. (0xc0000022)
[0719/145355.705:ERROR:exception_snapshot_win.cc(98)] thread ID 42244 not found in process
[0719/145906.449:ERROR:process_reader_win.cc(123)] NtOpenThread: {Access Denied} A process has requested access to an object, but has not been granted those access rights. (0xc0000022)
[0719/145906.451:ERROR:exception_snapshot_win.cc(98)] thread ID 35028 not found in process
[0719/223556.715:ERROR:process_reader_win.cc(151)] SuspendThread: Access is denied. (0x5)
[0719/223556.719:ERROR:process_reader_win.cc(151)] SuspendThread: Access is denied. (0x5)
[0719/223556.719:ERROR:process_reader_win.cc(151)] SuspendThread: Access is denied. (0x5)
[0719/223556.719:ERROR:process_reader_win.cc(151)] SuspendThread: Access is denied. (0x5)
[0719/223556.719:ERROR:process_reader_win.cc(151)] SuspendThread: Access is denied. (0x5)
[0719/223556.719:ERROR:process_reader_win.cc(151)] SuspendThread: Access is denied. (0x5)
[0719/223556.719:ERROR:process_reader_win.cc(151)] SuspendThread: Access is denied. (0x5)
[0719/223556.719:ERROR:process_reader_win.cc(151)] SuspendThread: Access is denied. (0x5)
[0719/223556.719:ERROR:process_reader_win.cc(151)] SuspendThread: Access is denied. (0x5)
[0719/223556.719:ERROR:process_reader_win.cc(123)] NtOpenThread: {Access Denied} A process has requested access to an object, but has not been granted those access rights. (0xc0000022)
[0719/223556.742:ERROR:exception_snapshot_win.cc(98)] thread ID 42964 not found in process
[0720/100720.764:ERROR:process_reader_win.cc(151)] SuspendThread: Access is denied. (0x5)
[0720/100720.766:ERROR:process_reader_win.cc(151)] SuspendThread: Access is denied. (0x5)
[0720/100720.766:ERROR:process_reader_win.cc(151)] SuspendThread: Access is denied. (0x5)
[0720/100720.766:ERROR:process_reader_win.cc(151)] SuspendThread: Access is denied. (0x5)
[0720/100720.766:ERROR:process_reader_win.cc(151)] SuspendThread: Access is denied. (0x5)
[0720/100720.766:ERROR:process_reader_win.cc(151)] SuspendThread: Access is denied. (0x5)
[0720/100720.766:ERROR:process_reader_win.cc(151)] SuspendThread: Access is denied. (0x5)
[0720/100720.766:ERROR:process_reader_win.cc(151)] SuspendThread: Access is denied. (0x5)
[0720/100720.767:ERROR:process_reader_win.cc(151)] SuspendThread: Access is denied. (0x5)
[0720/100720.767:ERROR:process_reader_win.cc(123)] NtOpenThread: {Access Denied} A process has requested access to an object, but has not been granted those access rights. (0xc0000022)
[0720/100720.768:ERROR:exception_snapshot_win.cc(98)] thread ID 16640 not found in process
[0720/110940.420:ERROR:process_reader_win.cc(123)] NtOpenThread: {Access Denied} A process has requested access to an object, but has not been granted those access rights. (0xc0000022)
[0720/110940.422:ERROR:exception_snapshot_win.cc(98)] thread ID 39568 not found in process
